#
# A fatal error has been detected by the Java Runtime Environment:
#
#  Internal Error (safepoint.cpp:899), pid=14576, tid=30727
#  fatal error: Illegal threadstate encountered: 4
#
# JRE version: Java(TM) SE Runtime Environment (12.0.2+10) (build 12.0.2+10)
# Java VM: Java HotSpot(TM) 64-Bit Server VM (12.0.2+10, mixed mode, sharing, tiered, compressed oops, g1 gc, bsd-amd64)
# No core dump will be written. Core dumps have been disabled. To enable core dumping, try "ulimit -c unlimited" before starting Java again
#
# If you would like to submit a bug report, please visit:
#   http://bugreport.java.com/bugreport/crash.jsp
# The crash happened outside the Java Virtual Machine in native code.
# See problematic frame for where to report the bug.
#

---------------  S U M M A R Y ------------

Command Line: -Dmaven.multiModuleProjectDirectory=/Users/tylesudo/Documents/UIC/CS/CS342/projects/project3/Client Project 3 -Dmaven.home=/Applications/IntelliJ IDEA.app/Contents/plugins/maven/lib/maven3 -Dclassworlds.conf=/Applications/IntelliJ IDEA.app/Contents/plugins/maven/lib/maven3/bin/m2.conf -Dmaven.ext.class.path=/Applications/IntelliJ IDEA.app/Contents/plugins/maven/lib/maven-event-listener.jar -javaagent:/Applications/IntelliJ IDEA.app/Contents/lib/idea_rt.jar=52270:/Applications/IntelliJ IDEA.app/Contents/bin -Dfile.encoding=UTF-8 org.codehaus.classworlds.Launcher -Didea.version=2021.3.2 compile exec:java

Host: MacBookPro15,4 x86_64 1400 MHz, 8 cores, 16G, Darwin 21.3.0
Time: Sat Apr  9 01:18:58 2022 CDT elapsed time: 13 seconds (0d 0h 0m 13s)

---------------  T H R E A D  ---------------

Current thread (0x00007f88e0b92800):  JavaThread "InvokeLaterDispatcher" daemon [_thread_in_native, id=30727, stack(0x000070000245c000,0x000070000255c000)]

Stack: [0x000070000245c000,0x000070000255c000],  sp=0x000070000255a400,  free space=1017k
Native frames: (J=compiled Java code, A=aot compiled Java code, j=interpreted, Vv=VM code, C=native code)
V  [libjvm.dylib+0x734734]  _ZN7VMError14report_and_dieEiPKcS1_P13__va_list_tagP6ThreadPhPvS7_S1_im+0x5c0
V  [libjvm.dylib+0x734d4b]  _ZN7VMError14report_and_dieEP6ThreadPvPKciS4_S4_P13__va_list_tag+0x47
V  [libjvm.dylib+0x25b4b1]  _Z12report_fatalPKciS0_z+0xb5
V  [libjvm.dylib+0x649d97]  _ZN20SafepointSynchronize5blockEP10JavaThread+0x1d1
V  [libjvm.dylib+0x6e44a0]  _ZN10JavaThread44check_safepoint_and_suspend_for_native_transEPS_+0xa2
V  [libjvm.dylib+0x3c8a26]  jni_DeleteGlobalRef+0x8b
C  [libglass.dylib+0x8e35]  -[GlassRunnable dealloc]+0x35
C  [Foundation+0x80eab]  -[_NSThreadPerformInfo dealloc]+0x2a
C  [Foundation+0x4dcd7]  -[NSObject(NSThreadPerformAdditions) performSelectorOnMainThread:withObject:waitUntilDone:]+0x7c
J 6436  com.sun.glass.ui.mac.MacApplication._submitForLaterInvocation(Ljava/lang/Runnable;)V (0 bytes) @ 0x00000001168dfc8f [0x00000001168dfbc0+0x00000000000000cf]
J 6754% c1 com.sun.glass.ui.InvokeLaterDispatcher.run()V (153 bytes) @ 0x000000010fd93494 [0x000000010fd92cc0+0x00000000000007d4]
v  ~StubRoutines::call_stub
V  [libjvm.dylib+0x392641]  _ZN9JavaCalls11call_helperEP9JavaValueRK12methodHandleP17JavaCallArgumentsP6Thread+0x285
V  [libjvm.dylib+0x391a20]  _ZN9JavaCalls12call_virtualEP9JavaValueP5KlassP6SymbolS5_P17JavaCallArgumentsP6Thread+0xee
V  [libjvm.dylib+0x391adc]  _ZN9JavaCalls12call_virtualEP9JavaValue6HandleP5KlassP6SymbolS6_P6Thread+0x62
V  [libjvm.dylib+0x4101e8]  _ZL12thread_entryP10JavaThreadP6Thread+0x78
V  [libjvm.dylib+0x6e2ecc]  _ZN10JavaThread17thread_main_innerEv+0x82
V  [libjvm.dylib+0x6e2d16]  _ZN10JavaThread3runEv+0x16c
V  [libjvm.dylib+0x6e0c1c]  _ZN6Thread8call_runEv+0x68
V  [libjvm.dylib+0x5db0df]  _ZL19thread_native_entryP6Thread+0x139
C  [libsystem_pthread.dylib+0x64f4]  _pthread_start+0x7d
C  [libsystem_pthread.dylib+0x200f]  thread_start+0xf

Java frames: (J=compiled Java code, j=interpreted, Vv=VM code)
J 6436  com.sun.glass.ui.mac.MacApplication._submitForLaterInvocation(Ljava/lang/Runnable;)V (0 bytes) @ 0x00000001168dfc1c [0x00000001168dfbc0+0x000000000000005c]
J 6754% c1 com.sun.glass.ui.InvokeLaterDispatcher.run()V (153 bytes) @ 0x000000010fd93494 [0x000000010fd92cc0+0x00000000000007d4]
v  ~StubRoutines::call_stub

---------------  P R O C E S S  ---------------

Threads class SMR info:
_java_thread_list=0x0000600002bcc400, length=20, elements={
0x00007f88e2808800, 0x00007f88e200c800, 0x00007f88e30e7800, 0x00007f88e280b800,
0x00007f88e580e800, 0x00007f88e30ea800, 0x00007f88e30ee000, 0x00007f88e1013000,
0x00007f88e300d000, 0x00007f88e500a800, 0x00007f88e315c000, 0x00007f88e298d800,
0x00007f88e0aa9000, 0x00007f88e2193000, 0x00007f88e0b92800, 0x00007f88e2438000,
0x00007f88e2a7e800, 0x00007f88e1302000, 0x00007f88e345d800, 0x00007f88e346d800
}

Java Threads: ( => current thread )
  0x00007f88e2808800 JavaThread "main" [_thread_blocked, id=9475, stack(0x0000700000805000,0x0000700000905000)]
  0x00007f88e200c800 JavaThread "Reference Handler" daemon [_thread_blocked, id=13571, stack(0x0000700000f1a000,0x000070000101a000)]
  0x00007f88e30e7800 JavaThread "Finalizer" daemon [_thread_blocked, id=18179, stack(0x000070000101d000,0x000070000111d000)]
  0x00007f88e280b800 JavaThread "Signal Dispatcher" daemon [_thread_blocked, id=16131, stack(0x0000700001226000,0x0000700001326000)]
  0x00007f88e580e800 JavaThread "C2 CompilerThread0" daemon [_thread_blocked, id=21763, stack(0x0000700001329000,0x0000700001429000)]
  0x00007f88e30ea800 JavaThread "C1 CompilerThread0" daemon [_thread_blocked, id=43267, stack(0x000070000142c000,0x000070000152c000)]
  0x00007f88e30ee000 JavaThread "Sweeper thread" daemon [_thread_blocked, id=42755, stack(0x000070000152f000,0x000070000162f000)]
  0x00007f88e1013000 JavaThread "Common-Cleaner" daemon [_thread_blocked, id=22787, stack(0x0000700001632000,0x0000700001732000)]
  0x00007f88e300d000 JavaThread "Monitor Ctrl-Break" daemon [_thread_in_native, id=41731, stack(0x0000700001735000,0x0000700001835000)]
  0x00007f88e500a800 JavaThread "Service Thread" daemon [_thread_blocked, id=40963, stack(0x0000700001838000,0x0000700001938000)]
  0x00007f88e315c000 JavaThread "Attach Listener" daemon [_thread_blocked, id=25091, stack(0x0000700001f4d000,0x000070000204d000)]
  0x00007f88e298d800 JavaThread "ClientGUI.main()" [_thread_blocked, id=25603, stack(0x0000700002153000,0x0000700002253000)]
  0x00007f88e0aa9000 JavaThread "JavaFX-Launcher" [_thread_blocked, id=37891, stack(0x0000700002256000,0x0000700002356000)]
  0x00007f88e2193000 JavaThread "QuantumRenderer-0" daemon [_thread_blocked, id=26371, stack(0x0000700002359000,0x0000700002459000)]
=>0x00007f88e0b92800 JavaThread "InvokeLaterDispatcher" daemon [_thread_in_native, id=30727, stack(0x000070000245c000,0x000070000255c000)]
  0x00007f88e2438000 JavaThread "JavaFX Application Thread" [_thread_in_native, id=259, stack(0x00007ff7beccf000,0x00007ff7bf4cf000)]
  0x00007f88e2a7e800 JavaThread "Prism Font Disposer" daemon [_thread_blocked, id=71191, stack(0x000070000276b000,0x000070000286b000)]
  0x00007f88e1302000 JavaThread "Cleaner-0" daemon [_thread_blocked, id=61699, stack(0x0000700002a74000,0x0000700002b74000)]
  0x00007f88e345d800 JavaThread "Thread-4" [_thread_in_native, id=127511, stack(0x0000700002b77000,0x0000700002c77000)]
  0x00007f88e346d800 JavaThread "PulseTimer-CVDisplayLink thread" daemon [_thread_in_native, id=69643, stack(0x000070000255f000,0x00007000025df000)]

Other Threads:
  0x00007f88e30e6800 VMThread "VM Thread" [stack: 0x0000700000e17000,0x0000700000f17000] [id=13059]
  0x00007f88e2018800 WatcherThread [stack: 0x000070000193b000,0x0000700001a3b000] [id=40451]
  0x00007f88e300f000 GCTaskThread "GC Thread#0" [stack: 0x0000700000908000,0x0000700000a08000] [id=20739]
  0x00007f88e315d800 GCTaskThread "GC Thread#1" [stack: 0x0000700001a3e000,0x0000700001b3e000] [id=40195]
  0x00007f88e322c000 GCTaskThread "GC Thread#2" [stack: 0x0000700001b41000,0x0000700001c41000] [id=23555]
  0x00007f88e322d000 GCTaskThread "GC Thread#3" [stack: 0x0000700001c44000,0x0000700001d44000] [id=39683]
  0x00007f88e5033000 GCTaskThread "GC Thread#4" [stack: 0x0000700001d47000,0x0000700001e47000] [id=24067]
  0x00007f88e5033800 GCTaskThread "GC Thread#5" [stack: 0x0000700001e4a000,0x0000700001f4a000] [id=24579]
  0x00007f88e2a81000 GCTaskThread "GC Thread#6" [stack: 0x000070000286e000,0x000070000296e000] [id=58371]
  0x00007f88e13bf000 GCTaskThread "GC Thread#7" [stack: 0x0000700002971000,0x0000700002a71000] [id=58883]
  0x00007f88e3028800 ConcurrentGCThread "G1 Main Marker" [stack: 0x0000700000a0b000,0x0000700000b0b000] [id=20227]
  0x00007f88e3029000 ConcurrentGCThread "G1 Conc#0" [stack: 0x0000700000b0e000,0x0000700000c0e000] [id=19459]
  0x00007f88e3265800 ConcurrentGCThread "G1 Conc#1" [stack: 0x0000700002050000,0x0000700002150000] [id=38659]
  0x00007f88e30ca000 ConcurrentGCThread "G1 Refine#0" [stack: 0x0000700000c11000,0x0000700000d11000] [id=11779]
  0x00007f88e30ca800 ConcurrentGCThread "G1 Young RemSet Sampling" [stack: 0x0000700000d14000,0x0000700000e14000] [id=12035]

Threads with active compile tasks:

VM state:not at safepoint (normal execution)

VM Mutex/Monitor currently owned by a thread: None

Heap address: 0x0000000700000000, size: 4096 MB, Compressed Oops mode: Zero based, Oop shift amount: 3
Narrow klass base: 0x0000000800000000, Narrow klass shift: 3
Compressed class space size: 1073741824 Address: 0x0000000801101000

Heap:
 garbage-first heap   total 102400K, used 40742K [0x0000000700000000, 0x0000000800000000)
  region size 1024K, 7 young (7168K), 5 survivors (5120K)
 Metaspace       used 40475K, capacity 42062K, committed 42188K, reserved 1085440K
  class space    used 5192K, capacity 5819K, committed 5836K, reserved 1048576K
Heap Regions: E=young(eden), S=young(survivor), O=old, HS=humongous(starts), HC=humongous(continues), CS=collection set, F=free, A=archive, TAMS=top-at-mark-start (previous, next)
|   0|0x0000000700000000, 0x000000070002f600, 0x0000000700100000| 18%| O|  |TAMS 0x000000070002f600, 0x0000000700000000| Untracked 
|   1|0x0000000700100000, 0x0000000700200000, 0x0000000700200000|100%| O|  |TAMS 0x0000000700200000, 0x0000000700100000| Untracked 
|   2|0x0000000700200000, 0x0000000700300000, 0x0000000700300000|100%| O|  |TAMS 0x0000000700300000, 0x0000000700200000| Untracked 
|   3|0x0000000700300000, 0x0000000700400000, 0x0000000700400000|100%| O|  |TAMS 0x0000000700400000, 0x0000000700300000| Untracked 
|   4|0x0000000700400000, 0x0000000700500000, 0x0000000700500000|100%| O|  |TAMS 0x0000000700500000, 0x0000000700400000| Untracked 
|   5|0x0000000700500000, 0x0000000700600000, 0x0000000700600000|100%| O|  |TAMS 0x0000000700600000, 0x0000000700500000| Untracked 
|   6|0x0000000700600000, 0x0000000700700000, 0x0000000700700000|100%| O|  |TAMS 0x0000000700700000, 0x0000000700600000| Untracked 
|   7|0x0000000700700000, 0x0000000700800000, 0x0000000700800000|100%| O|  |TAMS 0x0000000700700000, 0x0000000700700000| Untracked 
|   8|0x0000000700800000, 0x0000000700900000, 0x0000000700900000|100%| O|  |TAMS 0x0000000700900000, 0x0000000700800000| Untracked 
|   9|0x0000000700900000, 0x0000000700a00000, 0x0000000700a00000|100%| O|  |TAMS 0x0000000700a00000, 0x0000000700900000| Untracked 
|  10|0x0000000700a00000, 0x0000000700b00000, 0x0000000700b00000|100%| O|  |TAMS 0x0000000700b00000, 0x0000000700a00000| Untracked 
|  11|0x0000000700b00000, 0x0000000700c00000, 0x0000000700c00000|100%| O|  |TAMS 0x0000000700c00000, 0x0000000700b00000| Untracked 
|  12|0x0000000700c00000, 0x0000000700d00000, 0x0000000700d00000|100%| O|  |TAMS 0x0000000700d00000, 0x0000000700c00000| Untracked 
|  13|0x0000000700d00000, 0x0000000700e00000, 0x0000000700e00000|100%| O|  |TAMS 0x0000000700e00000, 0x0000000700d00000| Untracked 
|  14|0x0000000700e00000, 0x0000000700e6b600, 0x0000000700f00000| 41%| O|  |TAMS 0x0000000700e00000, 0x0000000700e00000| Untracked 
|  15|0x0000000700f00000, 0x0000000701000000, 0x0000000701000000|100%| O|  |TAMS 0x0000000701000000, 0x0000000700f00000| Untracked 
|  16|0x0000000701000000, 0x0000000701100000, 0x0000000701100000|100%| O|  |TAMS 0x0000000701100000, 0x0000000701000000| Untracked 
|  17|0x0000000701100000, 0x0000000701200000, 0x0000000701200000|100%| O|  |TAMS 0x0000000701200000, 0x0000000701100000| Untracked 
|  18|0x0000000701200000, 0x0000000701200000, 0x0000000701300000|  0%| F|  |TAMS 0x0000000701200000, 0x0000000701200000| Untracked 
|  19|0x0000000701300000, 0x0000000701400000, 0x0000000701400000|100%| O|  |TAMS 0x0000000701300000, 0x0000000701300000| Untracked 
|  20|0x0000000701400000, 0x0000000701500000, 0x0000000701500000|100%| O|  |TAMS 0x0000000701500000, 0x0000000701400000| Untracked 
|  21|0x0000000701500000, 0x0000000701600000, 0x0000000701600000|100%|HS|  |TAMS 0x0000000701600000, 0x0000000701500000| Complete 
|  22|0x0000000701600000, 0x0000000701700000, 0x0000000701700000|100%|HC|  |TAMS 0x0000000701700000, 0x0000000701600000| Complete 
|  23|0x0000000701700000, 0x0000000701800000, 0x0000000701800000|100%| O|  |TAMS 0x0000000701800000, 0x0000000701700000| Untracked 
|  24|0x0000000701800000, 0x0000000701900000, 0x0000000701900000|100%| O|  |TAMS 0x0000000701900000, 0x0000000701800000| Untracked 
|  25|0x0000000701900000, 0x0000000701a00000, 0x0000000701a00000|100%| O|  |TAMS 0x0000000701a00000, 0x0000000701900000| Untracked 
|  26|0x0000000701a00000, 0x0000000701b00000, 0x0000000701b00000|100%| O|  |TAMS 0x0000000701b00000, 0x0000000701a00000| Untracked 
|  27|0x0000000701b00000, 0x0000000701c00000, 0x0000000701c00000|100%| O|  |TAMS 0x0000000701c00000, 0x0000000701b00000| Untracked 
|  28|0x0000000701c00000, 0x0000000701d00000, 0x0000000701d00000|100%| O|  |TAMS 0x0000000701d00000, 0x0000000701c00000| Untracked 
|  29|0x0000000701d00000, 0x0000000701e00000, 0x0000000701e00000|100%| O|  |TAMS 0x0000000701e00000, 0x0000000701d00000| Untracked 
|  30|0x0000000701e00000, 0x0000000701f00000, 0x0000000701f00000|100%| O|  |TAMS 0x0000000701f00000, 0x0000000701e00000| Untracked 
|  31|0x0000000701f00000, 0x0000000702000000, 0x0000000702000000|100%| O|  |TAMS 0x0000000701f00000, 0x0000000701f00000| Untracked 
|  32|0x0000000702000000, 0x0000000702100000, 0x0000000702100000|100%| O|  |TAMS 0x0000000702000000, 0x0000000702000000| Untracked 
|  33|0x0000000702100000, 0x0000000702200000, 0x0000000702200000|100%| O|  |TAMS 0x0000000702100000, 0x0000000702100000| Untracked 
|  34|0x0000000702200000, 0x0000000702200000, 0x0000000702300000|  0%| F|  |TAMS 0x0000000702200000, 0x0000000702200000| Untracked 
|  35|0x0000000702300000, 0x0000000702300000, 0x0000000702400000|  0%| F|  |TAMS 0x0000000702300000, 0x0000000702300000| Untracked 
|  36|0x0000000702400000, 0x0000000702400000, 0x0000000702500000|  0%| F|  |TAMS 0x0000000702400000, 0x0000000702400000| Untracked 
|  37|0x0000000702500000, 0x0000000702500000, 0x0000000702600000|  0%| F|  |TAMS 0x0000000702500000, 0x0000000702500000| Untracked 
|  38|0x0000000702600000, 0x0000000702600000, 0x0000000702700000|  0%| F|  |TAMS 0x0000000702600000, 0x0000000702600000| Untracked 
|  39|0x0000000702700000, 0x0000000702800000, 0x0000000702800000|100%| O|  |TAMS 0x0000000702800000, 0x0000000702700000| Untracked 
|  40|0x0000000702800000, 0x0000000702900000, 0x0000000702900000|100%| O|  |TAMS 0x0000000702813000, 0x0000000702800000| Untracked 
|  41|0x0000000702900000, 0x0000000702900000, 0x0000000702a00000|  0%| F|  |TAMS 0x0000000702900000, 0x0000000702900000| Untracked 
|  42|0x0000000702a00000, 0x0000000702a00000, 0x0000000702b00000|  0%| F|  |TAMS 0x0000000702a00000, 0x0000000702a00000| Untracked 
|  43|0x0000000702b00000, 0x0000000702b00000, 0x0000000702c00000|  0%| F|  |TAMS 0x0000000702b00000, 0x0000000702b00000| Untracked 
|  44|0x0000000702c00000, 0x0000000702c00000, 0x0000000702d00000|  0%| F|  |TAMS 0x0000000702c00000, 0x0000000702c00000| Untracked 
|  45|0x0000000702d00000, 0x0000000702d00000, 0x0000000702e00000|  0%| F|  |TAMS 0x0000000702d00000, 0x0000000702d00000| Untracked 
|  46|0x0000000702e00000, 0x0000000702e00000, 0x0000000702f00000|  0%| F|  |TAMS 0x0000000702e00000, 0x0000000702e00000| Untracked 
|  47|0x0000000702f00000, 0x0000000702f00000, 0x0000000703000000|  0%| F|  |TAMS 0x0000000702f00000, 0x0000000702f00000| Untracked 
|  48|0x0000000703000000, 0x0000000703000000, 0x0000000703100000|  0%| F|  |TAMS 0x0000000703000000, 0x0000000703000000| Untracked 
|  49|0x0000000703100000, 0x0000000703100000, 0x0000000703200000|  0%| F|  |TAMS 0x0000000703100000, 0x0000000703100000| Untracked 
|  50|0x0000000703200000, 0x0000000703200000, 0x0000000703300000|  0%| F|  |TAMS 0x0000000703200000, 0x0000000703200000| Untracked 
|  51|0x0000000703300000, 0x0000000703300000, 0x0000000703400000|  0%| F|  |TAMS 0x0000000703300000, 0x0000000703300000| Untracked 
|  52|0x0000000703400000, 0x0000000703400000, 0x0000000703500000|  0%| F|  |TAMS 0x0000000703400000, 0x0000000703400000| Untracked 
|  53|0x0000000703500000, 0x0000000703576c50, 0x0000000703600000| 46%| S|CS|TAMS 0x0000000703500000, 0x0000000703500000| Complete 
|  54|0x0000000703600000, 0x0000000703700000, 0x0000000703700000|100%| S|CS|TAMS 0x0000000703600000, 0x0000000703600000| Complete 
|  55|0x0000000703700000, 0x0000000703800000, 0x0000000703800000|100%| S|CS|TAMS 0x0000000703700000, 0x0000000703700000| Complete 
|  56|0x0000000703800000, 0x0000000703800000, 0x0000000703900000|  0%| F|  |TAMS 0x0000000703800000, 0x0000000703800000| Untracked 
|  57|0x0000000703900000, 0x0000000703900000, 0x0000000703a00000|  0%| F|  |TAMS 0x0000000703900000, 0x0000000703900000| Untracked 
|  58|0x0000000703a00000, 0x0000000703a00000, 0x0000000703b00000|  0%| F|  |TAMS 0x0000000703a00000, 0x0000000703a00000| Untracked 
|  59|0x0000000703b00000, 0x0000000703b00000, 0x0000000703c00000|  0%| F|  |TAMS 0x0000000703b00000, 0x0000000703b00000| Untracked 
|  60|0x0000000703c00000, 0x0000000703d00000, 0x0000000703d00000|100%| S|CS|TAMS 0x0000000703c00000, 0x0000000703c00000| Complete 
|  61|0x0000000703d00000, 0x0000000703e00000, 0x0000000703e00000|100%| S|CS|TAMS 0x0000000703d00000, 0x0000000703d00000| Complete 
|  62|0x0000000703e00000, 0x0000000703e00000, 0x0000000703f00000|  0%| F|  |TAMS 0x0000000703e00000, 0x0000000703e00000| Untracked 
|  63|0x0000000703f00000, 0x0000000703f00000, 0x0000000704000000|  0%| F|  |TAMS 0x0000000703f00000, 0x0000000703f00000| Untracked 
|  64|0x0000000704000000, 0x0000000704000000, 0x0000000704100000|  0%| F|  |TAMS 0x0000000704000000, 0x0000000704000000| Untracked 
|  65|0x0000000704100000, 0x0000000704100000, 0x0000000704200000|  0%| F|  |TAMS 0x0000000704100000, 0x0000000704100000| Untracked 
|  66|0x0000000704200000, 0x0000000704200000, 0x0000000704300000|  0%| F|  |TAMS 0x0000000704200000, 0x0000000704200000| Untracked 
|  67|0x0000000704300000, 0x0000000704300000, 0x0000000704400000|  0%| F|  |TAMS 0x0000000704300000, 0x0000000704300000| Untracked 
|  68|0x0000000704400000, 0x0000000704400000, 0x0000000704500000|  0%| F|  |TAMS 0x0000000704400000, 0x0000000704400000| Untracked 
|  69|0x0000000704500000, 0x0000000704500000, 0x0000000704600000|  0%| F|  |TAMS 0x0000000704500000, 0x0000000704500000| Untracked 
|  70|0x0000000704600000, 0x0000000704600000, 0x0000000704700000|  0%| F|  |TAMS 0x0000000704600000, 0x0000000704600000| Untracked 
|  71|0x0000000704700000, 0x0000000704700000, 0x0000000704800000|  0%| F|  |TAMS 0x0000000704700000, 0x0000000704700000| Untracked 
|  72|0x0000000704800000, 0x0000000704800000, 0x0000000704900000|  0%| F|  |TAMS 0x0000000704800000, 0x0000000704800000| Untracked 
|  73|0x0000000704900000, 0x0000000704900000, 0x0000000704a00000|  0%| F|  |TAMS 0x0000000704900000, 0x0000000704900000| Untracked 
|  74|0x0000000704a00000, 0x0000000704a00000, 0x0000000704b00000|  0%| F|  |TAMS 0x0000000704a00000, 0x0000000704a00000| Untracked 
|  75|0x0000000704b00000, 0x0000000704b00000, 0x0000000704c00000|  0%| F|  |TAMS 0x0000000704b00000, 0x0000000704b00000| Untracked 
|  76|0x0000000704c00000, 0x0000000704c00000, 0x0000000704d00000|  0%| F|  |TAMS 0x0000000704c00000, 0x0000000704c00000| Untracked 
|  77|0x0000000704d00000, 0x0000000704d00000, 0x0000000704e00000|  0%| F|  |TAMS 0x0000000704d00000, 0x0000000704d00000| Untracked 
|  78|0x0000000704e00000, 0x0000000704e00000, 0x0000000704f00000|  0%| F|  |TAMS 0x0000000704e00000, 0x0000000704e00000| Untracked 
|  79|0x0000000704f00000, 0x0000000704f00000, 0x0000000705000000|  0%| F|  |TAMS 0x0000000704f00000, 0x0000000704f00000| Untracked 
|  80|0x0000000705000000, 0x0000000705000000, 0x0000000705100000|  0%| F|  |TAMS 0x0000000705000000, 0x0000000705000000| Untracked 
|  81|0x0000000705100000, 0x0000000705100000, 0x0000000705200000|  0%| F|  |TAMS 0x0000000705100000, 0x0000000705100000| Untracked 
|  82|0x0000000705200000, 0x0000000705200000, 0x0000000705300000|  0%| F|  |TAMS 0x0000000705200000, 0x0000000705200000| Untracked 
|  83|0x0000000705300000, 0x0000000705300000, 0x0000000705400000|  0%| F|  |TAMS 0x0000000705300000, 0x0000000705300000| Untracked 
|  84|0x0000000705400000, 0x0000000705400000, 0x0000000705500000|  0%| F|  |TAMS 0x0000000705400000, 0x0000000705400000| Untracked 
|  85|0x0000000705500000, 0x0000000705500000, 0x0000000705600000|  0%| F|  |TAMS 0x0000000705500000, 0x0000000705500000| Untracked 
|  86|0x0000000705600000, 0x0000000705600000, 0x0000000705700000|  0%| F|  |TAMS 0x0000000705600000, 0x0000000705600000| Untracked 
|  87|0x0000000705700000, 0x0000000705700000, 0x0000000705800000|  0%| F|  |TAMS 0x0000000705700000, 0x0000000705700000| Untracked 
|  88|0x0000000705800000, 0x0000000705800000, 0x0000000705900000|  0%| F|  |TAMS 0x0000000705800000, 0x0000000705800000| Untracked 
|  89|0x0000000705900000, 0x0000000705900000, 0x0000000705a00000|  0%| F|  |TAMS 0x0000000705900000, 0x0000000705900000| Untracked 
|  90|0x0000000705a00000, 0x0000000705a00000, 0x0000000705b00000|  0%| F|  |TAMS 0x0000000705a00000, 0x0000000705a00000| Untracked 
| 115|0x0000000707300000, 0x0000000707300000, 0x0000000707400000|  0%| F|  |TAMS 0x0000000707300000, 0x0000000707300000| Untracked 
| 116|0x0000000707400000, 0x0000000707400000, 0x0000000707500000|  0%| F|  |TAMS 0x0000000707400000, 0x0000000707400000| Untracked 
| 117|0x0000000707500000, 0x0000000707500000, 0x0000000707600000|  0%| F|  |TAMS 0x0000000707500000, 0x0000000707500000| Untracked 
| 118|0x0000000707600000, 0x0000000707600000, 0x0000000707700000|  0%| F|  |TAMS 0x0000000707600000, 0x0000000707600000| Untracked 
| 119|0x0000000707700000, 0x000000070770f458, 0x0000000707800000|  5%| E|  |TAMS 0x0000000707700000, 0x0000000707700000| Complete 
| 120|0x0000000707800000, 0x0000000707900000, 0x0000000707900000|100%| E|CS|TAMS 0x0000000707800000, 0x0000000707800000| Complete 
| 255|0x000000070ff00000, 0x0000000710000000, 0x0000000710000000|100%| E|CS|TAMS 0x000000070ff00000, 0x000000070ff00000| Complete 
|3070|0x00000007bfe00000, 0x00000007bfe48000, 0x00000007bff00000| 28%|OA|  |TAMS 0x00000007bfe48000, 0x00000007bfe00000| Untracked 
|3071|0x00000007bff00000, 0x00000007bff70000, 0x00000007c0000000| 43%|CA|  |TAMS 0x00000007bff70000, 0x00000007bff00000| Untracked 

Card table byte_map: [0x00000001025b3000,0x0000000102db3000] _byte_map_base: 0x00000000fedb3000

Marking Bits (Prev, Next): (CMBitMap*) 0x00007f88e300fc58, (CMBitMap*) 0x00007f88e300fc18
 Prev Bits: [0x0000000121be7000, 0x0000000125be7000)
 Next Bits: [0x000000011dbe7000, 0x0000000121be7000)

Polling page: 0x0000000100b43000

Metaspace:

Usage:
  Non-class:     35.39 MB capacity,    34.46 MB ( 97%) used,   818.01 KB (  2%) free+waste,   141.94 KB ( <1%) overhead. 
      Class:      5.68 MB capacity,     5.07 MB ( 89%) used,   554.96 KB ( 10%) free+waste,    71.94 KB (  1%) overhead. 
       Both:     41.08 MB capacity,    39.53 MB ( 96%) used,     1.34 MB (  3%) free+waste,   213.88 KB ( <1%) overhead. 

Virtual space:
  Non-class space:       36.00 MB reserved,      35.50 MB ( 99%) committed 
      Class space:        1.00 GB reserved,       5.70 MB ( <1%) committed 
             Both:        1.04 GB reserved,      41.20 MB (  4%) committed 

Chunk freelists:
   Non-Class:  3.12 KB
       Class:  128 bytes
        Both:  3.25 KB

CodeHeap 'non-profiled nmethods': size=120032Kb used=2543Kb max_used=2543Kb free=117488Kb
 bounds [0x00000001166af000, 0x000000011692f000, 0x000000011dbe7000]
CodeHeap 'profiled nmethods': size=120028Kb used=12386Kb max_used=12386Kb free=107641Kb
 bounds [0x000000010f178000, 0x000000010fda8000, 0x00000001166af000]
CodeHeap 'non-nmethods': size=5700Kb used=1389Kb max_used=1421Kb free=4310Kb
 bounds [0x000000010ebe7000, 0x000000010ee57000, 0x000000010f178000]
 total_blobs=8675 nmethods=6156 adapters=756
 compilation: enabled
              stopped_count=0, restarted_count=0
 full_count=0

Compilation events (10 events):
Event: 13.423 Thread 0x00007f88e580e800 6759       4       com.sun.javafx.event.EventHandlerManager::dispatchBubblingEvent (23 bytes)
Event: 13.468 Thread 0x00007f88e30ea800 6762       3       com.sun.javafx.css.BitSet::remove (171 bytes)
Event: 13.469 Thread 0x00007f88e30ea800 nmethod 6762 0x000000010fd97090 code [0x000000010fd97300, 0x000000010fd98048]
Event: 13.469 Thread 0x00007f88e30ea800 6761       3       com.sun.javafx.css.PseudoClassState::remove (6 bytes)
Event: 13.470 Thread 0x00007f88e30ea800 nmethod 6761 0x000000010fd98490 code [0x000000010fd98640, 0x000000010fd987e8]
Event: 13.483 Thread 0x00007f88e580e800 nmethod 6759 0x0000000116927210 code [0x00000001169274c0, 0x00000001169286b0]
Event: 13.483 Thread 0x00007f88e580e800 6760       4       javafx.scene.Parent::pickChildrenNode (53 bytes)
Event: 13.514 Thread 0x00007f88e580e800 nmethod 6760 0x0000000116929410 code [0x0000000116929660, 0x000000011692a180]
Event: 13.514 Thread 0x00007f88e580e800 6763       4       javafx.event.Event::copyFor (45 bytes)
Event: 13.520 Thread 0x00007f88e580e800 nmethod 6763 0x000000011692ad90 code [0x000000011692af40, 0x000000011692b2e8]

GC Heap History (10 events):
Event: 11.432 GC heap before
{Heap before GC invocations=10 (full 0):
 garbage-first heap   total 102400K, used 65513K [0x0000000700000000, 0x0000000800000000)
  region size 1024K, 33 young (33792K), 1 survivors (1024K)
 Metaspace       used 40401K, capacity 41933K, committed 42188K, reserved 1085440K
  class space    used 5192K, capacity 5819K, committed 5836K, reserved 1048576K
}
Event: 11.437 GC heap after
{Heap after GC invocations=11 (full 0):
 garbage-first heap   total 102400K, used 33606K [0x0000000700000000, 0x0000000800000000)
  region size 1024K, 2 young (2048K), 2 survivors (2048K)
 Metaspace       used 40401K, capacity 41933K, committed 42188K, reserved 1085440K
  class space    used 5192K, capacity 5819K, committed 5836K, reserved 1048576K
}
Event: 11.981 GC heap before
{Heap before GC invocations=12 (full 0):
 garbage-first heap   total 102400K, used 67398K [0x0000000700000000, 0x0000000800000000)
  region size 1024K, 35 young (35840K), 2 survivors (2048K)
 Metaspace       used 40466K, capacity 41997K, committed 42188K, reserved 1085440K
  class space    used 5192K, capacity 5819K, committed 5836K, reserved 1048576K
}
Event: 11.990 GC heap after
{Heap after GC invocations=13 (full 0):
 garbage-first heap   total 102400K, used 35322K [0x0000000700000000, 0x0000000800000000)
  region size 1024K, 4 young (4096K), 4 survivors (4096K)
 Metaspace       used 40466K, capacity 41997K, committed 42188K, reserved 1085440K
  class space    used 5192K, capacity 5819K, committed 5836K, reserved 1048576K
}
Event: 12.002 GC heap before
{Heap before GC invocations=13 (full 0):
 garbage-first heap   total 102400K, used 36346K [0x0000000700000000, 0x0000000800000000)
  region size 1024K, 5 young (5120K), 4 survivors (4096K)
 Metaspace       used 40466K, capacity 41997K, committed 42188K, reserved 1085440K
  class space    used 5192K, capacity 5819K, committed 5836K, reserved 1048576K
}
Event: 12.012 GC heap after
{Heap after GC invocations=14 (full 0):
 garbage-first heap   total 102400K, used 33586K [0x0000000700000000, 0x0000000800000000)
  region size 1024K, 1 young (1024K), 1 survivors (1024K)
 Metaspace       used 40466K, capacity 41997K, committed 42188K, reserved 1085440K
  class space    used 5192K, capacity 5819K, committed 5836K, reserved 1048576K
}
Event: 12.509 GC heap before
{Heap before GC invocations=14 (full 0):
 garbage-first heap   total 102400K, used 68402K [0x0000000700000000, 0x0000000800000000)
  region size 1024K, 35 young (35840K), 1 survivors (1024K)
 Metaspace       used 40467K, capacity 41997K, committed 42188K, reserved 1085440K
  class space    used 5192K, capacity 5819K, committed 5836K, reserved 1048576K
}
Event: 12.515 GC heap after
{Heap after GC invocations=15 (full 0):
 garbage-first heap   total 102400K, used 35322K [0x0000000700000000, 0x0000000800000000)
  region size 1024K, 2 young (2048K), 2 survivors (2048K)
 Metaspace       used 40467K, capacity 41997K, committed 42188K, reserved 1085440K
  class space    used 5192K, capacity 5819K, committed 5836K, reserved 1048576K
}
Event: 13.031 GC heap before
{Heap before GC invocations=15 (full 0):
 garbage-first heap   total 102400K, used 72186K [0x0000000700000000, 0x0000000800000000)
  region size 1024K, 38 young (38912K), 2 survivors (2048K)
 Metaspace       used 40468K, capacity 41997K, committed 42188K, reserved 1085440K
  class space    used 5192K, capacity 5819K, committed 5836K, reserved 1048576K
}
Event: 13.041 GC heap after
{Heap after GC invocations=16 (full 0):
 garbage-first heap   total 102400K, used 37342K [0x0000000700000000, 0x0000000800000000)
  region size 1024K, 4 young (4096K), 4 survivors (4096K)
 Metaspace       used 40468K, capacity 41997K, committed 42188K, reserved 1085440K
  class space    used 5192K, capacity 5819K, committed 5836K, reserved 1048576K
}

Deoptimization events (10 events):
Event: 10.390 Thread 0x00007f88e2438000 Uncommon trap: reason=null_check action=make_not_entrant pc=0x00000001168c9998 method=javafx.scene.Node$MiscProperties.getClip()Ljavafx/scene/Node; @ 20 c2
Event: 10.390 Thread 0x00007f88e2438000 Uncommon trap: reason=class_check action=maybe_recompile pc=0x00000001168c6ff8 method=javafx.scene.Node.updateLocalToParentTransform()V @ 11 c2
Event: 10.390 Thread 0x00007f88e2438000 Uncommon trap: reason=class_check action=maybe_recompile pc=0x00000001168c6ff8 method=javafx.scene.Node.updateLocalToParentTransform()V @ 11 c2
Event: 10.390 Thread 0x00007f88e2438000 Uncommon trap: reason=class_check action=maybe_recompile pc=0x00000001168c6ff8 method=javafx.scene.Node.updateLocalToParentTransform()V @ 11 c2
Event: 10.393 Thread 0x00007f88e2438000 Uncommon trap: reason=unstable_if action=reinterpret pc=0x00000001168cac54 method=javafx.scene.Node.intersectsBounds(Lcom/sun/javafx/geom/PickRay;)D @ 95 c2
Event: 11.452 Thread 0x00007f88e2438000 Uncommon trap: reason=profile_predicate action=maybe_recompile pc=0x00000001168ede10 method=com.sun.javafx.css.BitSet.addAll(Ljava/util/Collection;)Z @ 86 c2
Event: 11.452 Thread 0x00007f88e2438000 Uncommon trap: reason=profile_predicate action=maybe_recompile pc=0x00000001168ede10 method=com.sun.javafx.css.BitSet.addAll(Ljava/util/Collection;)Z @ 86 c2
Event: 11.452 Thread 0x00007f88e2438000 Uncommon trap: reason=profile_predicate action=maybe_recompile pc=0x00000001168ede10 method=com.sun.javafx.css.BitSet.addAll(Ljava/util/Collection;)Z @ 86 c2
Event: 11.452 Thread 0x00007f88e2438000 Uncommon trap: reason=profile_predicate action=maybe_recompile pc=0x00000001168ede10 method=com.sun.javafx.css.BitSet.addAll(Ljava/util/Collection;)Z @ 86 c2
Event: 12.708 Thread 0x00007f88e2438000 Uncommon trap: reason=unstable_if action=reinterpret pc=0x00000001168fec18 method=java.lang.Math.round(F)I @ 23 c2

Classes redefined (0 events):
No events

Internal exceptions (10 events):
Event: 5.043 Thread 0x00007f88e2193000 Exception <a 'java/lang/NoSuchMethodError'{0x000000070525d6f0}: java.lang.invoke.Invokers$Holder.linkToTargetMethod(FLjava/lang/Object;)Ljava/lang/Object;> (0x000000070525d6f0) thrown at [/scratch/mesos/slaves/ae206c0d-865c-4d69-a16b-c4e90bf2719f-S399/fra
Event: 5.048 Thread 0x00007f88e2193000 Exception <a 'java/lang/NoSuchMethodError'{0x000000070527de18}: java.lang.invoke.Invokers$Holder.linkToTargetMethod(DLjava/lang/Object;)Ljava/lang/Object;> (0x000000070527de18) thrown at [/scratch/mesos/slaves/ae206c0d-865c-4d69-a16b-c4e90bf2719f-S399/fra
Event: 5.075 Thread 0x00007f88e2438000 Exception <a 'java/lang/NoSuchMethodError'{0x00000007051f0ee0}: java.lang.invoke.DirectMethodHandle$Holder.invokeStatic(Ljava/lang/Object;J)I> (0x00000007051f0ee0) thrown at [/scratch/mesos/slaves/ae206c0d-865c-4d69-a16b-c4e90bf2719f-S399/frameworks/1735e
Event: 5.077 Thread 0x00007f88e2438000 Exception <a 'java/lang/NoSuchMethodError'{0x00000007051f8868}: java.lang.invoke.DirectMethodHandle$Holder.invokeStatic(Ljava/lang/Object;Ljava/lang/Object;)J> (0x00000007051f8868) thrown at [/scratch/mesos/slaves/ae206c0d-865c-4d69-a16b-c4e90bf2719f-S399
Event: 7.779 Thread 0x00007f88e2438000 Exception <a 'java/lang/NoSuchMethodError'{0x00000007050d44c8}: java.lang.invoke.DirectMethodHandle$Holder.invokeStatic(Ljava/lang/Object;Ljava/lang/Object;Ljava/lang/Object;)J> (0x00000007050d44c8) thrown at [/scratch/mesos/slaves/ae206c0d-865c-4d69-a16b
Event: 7.779 Thread 0x00007f88e2438000 Exception <a 'java/lang/NoSuchMethodError'{0x00000007050d6ec0}: java.lang.invoke.DirectMethodHandle$Holder.invokeStaticInit(Ljava/lang/Object;Ljava/lang/Object;Ljava/lang/Object;)J> (0x00000007050d6ec0) thrown at [/scratch/mesos/slaves/ae206c0d-865c-4d69-
Event: 7.781 Thread 0x00007f88e2438000 Exception <a 'java/lang/NoSuchMethodError'{0x00000007050eb3d8}: java.lang.invoke.Invokers$Holder.linkToTargetMethod(Ljava/lang/Object;JLjava/lang/Object;)Ljava/lang/Object;> (0x00000007050eb3d8) thrown at [/scratch/mesos/slaves/ae206c0d-865c-4d69-a16b-c4e
Event: 10.390 Thread 0x00007f88e2438000 Implicit null exception at 0x00000001168cc9ce to 0x00000001168cca12
Event: 10.390 Thread 0x00007f88e2438000 Implicit null exception at 0x00000001168c9144 to 0x00000001168c9986
Event: 10.414 Thread 0x00007f88e2193000 Exception <a 'java/lang/NoSuchMethodError'{0x0000000704293df8}: java.lang.invoke.DirectMethodHandle$Holder.invokeStaticInit(Ljava/lang/Object;I)Ljava/lang/Object;> (0x0000000704293df8) thrown at [/scratch/mesos/slaves/ae206c0d-865c-4d69-a16b-c4e90bf2719f-

Events (10 events):
Event: 12.509 Executing VM operation: G1CollectForAllocation
Event: 12.515 Executing VM operation: G1CollectForAllocation done
Event: 12.708 Thread 0x00007f88e2438000 Uncommon trap: trap_request=0xffffff4d fr.pc=0x00000001168fec18 relative=0x0000000000000078
Event: 12.708 Thread 0x00007f88e2438000 DEOPT PACKING pc=0x00000001168fec18 sp=0x00007ff7bf4cb290
Event: 12.708 Thread 0x00007f88e2438000 DEOPT UNPACKING pc=0x000000010ec103a5 sp=0x00007ff7bf4cb228 mode 2
Event: 12.787 Thread 0x00007f88e345d800 DEOPT PACKING pc=0x000000010fd8bae1 sp=0x0000700002c76a60
Event: 12.787 Thread 0x00007f88e345d800 DEOPT UNPACKING pc=0x000000010ec101ba sp=0x0000700002c75fb0 mode 0
Event: 13.031 Executing VM operation: G1CollectForAllocation
Event: 13.041 Executing VM operation: G1CollectForAllocation done
Event: 13.556 Executing VM operation: G1CollectForAllocation


Dynamic libraries:
0x0000000100b48000 	/Library/Java/JavaVirtualMachines/jdk-12.0.2.jdk/Contents/Home/lib/libjli.dylib
0x00007ff8183c6000 	/usr/lib/libz.1.dylib
0x00007ff8184a6000 	/usr/lib/libSystem.B.dylib
0x00007ff8184a1000 	/usr/lib/system/libcache.dylib
0x00007ff81845d000 	/usr/lib/system/libcommonCrypto.dylib
0x00007ff818486000 	/usr/lib/system/libcompiler_rt.dylib
0x00007ff81847c000 	/usr/lib/system/libcopyfile.dylib
0x00007ff80d4b4000 	/usr/lib/system/libcorecrypto.dylib
0x00007ff80d573000 	/usr/lib/system/libdispatch.dylib
0x00007ff80d732000 	/usr/lib/system/libdyld.dylib
0x00007ff818498000 	/usr/lib/system/libkeymgr.dylib
0x00007ff81843b000 	/usr/lib/system/libmacho.dylib
0x00007ff817ac7000 	/usr/lib/system/libquarantine.dylib
0x00007ff818496000 	/usr/lib/system/libremovefile.dylib
0x00007ff812699000 	/usr/lib/system/libsystem_asl.dylib
0x00007ff80d462000 	/usr/lib/system/libsystem_blocks.dylib
0x00007ff80d5f7000 	/usr/lib/system/libsystem_c.dylib
0x00007ff81848e000 	/usr/lib/system/libsystem_collections.dylib
0x00007ff816d6f000 	/usr/lib/system/libsystem_configuration.dylib
0x00007ff81602c000 	/usr/lib/system/libsystem_containermanager.dylib
0x00007ff818178000 	/usr/lib/system/libsystem_coreservices.dylib
0x00007ff80fd5c000 	/usr/lib/system/libsystem_darwin.dylib
0x00007ff818499000 	/usr/lib/system/libsystem_dnssd.dylib
0x00007ff80d5f4000 	/usr/lib/system/libsystem_featureflags.dylib
0x00007ff80d748000 	/usr/lib/system/libsystem_info.dylib
0x00007ff8183d9000 	/usr/lib/system/libsystem_m.dylib
0x00007ff80d547000 	/usr/lib/system/libsystem_malloc.dylib
0x00007ff812636000 	/usr/lib/system/libsystem_networkextension.dylib
0x00007ff810184000 	/usr/lib/system/libsystem_notify.dylib
0x00007ff81e616000 	/usr/lib/system/libsystem_product_info_filter.dylib
0x00007ff816d73000 	/usr/lib/system/libsystem_sandbox.dylib
0x00007ff818493000 	/usr/lib/system/libsystem_secinit.dylib
0x00007ff80d6ef000 	/usr/lib/system/libsystem_kernel.dylib
0x00007ff80d73e000 	/usr/lib/system/libsystem_platform.dylib
0x00007ff80d726000 	/usr/lib/system/libsystem_pthread.dylib
0x00007ff813ef1000 	/usr/lib/system/libsystem_symptoms.dylib
0x00007ff80d49b000 	/usr/lib/system/libsystem_trace.dylib
0x00007ff818469000 	/usr/lib/system/libunwind.dylib
0x00007ff80d464000 	/usr/lib/system/libxpc.dylib
0x00007ff80d6d9000 	/usr/lib/libc++abi.dylib
0x00007ff80d5ba000 	/usr/lib/libobjc.A.dylib
0x00007ff818474000 	/usr/lib/liboah.dylib
0x00007ff80d680000 	/usr/lib/libc++.1.dylib
0x00007ff824371000 	/System/Library/Frameworks/Cocoa.framework/Versions/A/Cocoa
0x00007ff8101e2000 	/System/Library/Frameworks/AppKit.framework/Versions/C/AppKit
0x00007ff8136de000 	/System/Library/Frameworks/CoreData.framework/Versions/A/CoreData
0x00007ff80e5f9000 	/System/Library/Frameworks/Foundation.framework/Versions/C/Foundation
0x00007ff811074000 	/System/Library/PrivateFrameworks/UIFoundation.framework/Versions/A/UIFoundation
0x00007ff81e31d000 	/System/Library/PrivateFrameworks/RemoteViewServices.framework/Versions/A/RemoteViewServices
0x00007ff816708000 	/System/Library/PrivateFrameworks/XCTTargetBootstrap.framework/Versions/A/XCTTargetBootstrap
0x00007ff81a2b6000 	/System/Library/PrivateFrameworks/InternationalSupport.framework/Versions/A/InternationalSupport
0x00007ff81a340000 	/System/Library/PrivateFrameworks/UserActivity.framework/Versions/A/UserActivity
0x00007ff819696000 	/usr/lib/libspindump.dylib
0x00007ff811302000 	/System/Library/Frameworks/UniformTypeIdentifiers.framework/Versions/A/UniformTypeIdentifiers
0x00007ff814e41000 	/usr/lib/libapp_launch_measurement.dylib
0x00007ff8140aa000 	/System/Library/PrivateFrameworks/CoreAnalytics.framework/Versions/A/CoreAnalytics
0x00007ff814e44000 	/System/Library/PrivateFrameworks/CoreAutoLayout.framework/Versions/A/CoreAutoLayout
0x00007ff816064000 	/System/Library/Frameworks/Metal.framework/Versions/A/Metal
0x00007ff816d7e000 	/usr/lib/liblangid.dylib
0x00007ff81670c000 	/System/Library/PrivateFrameworks/CoreSVG.framework/Versions/A/CoreSVG
0x00007ff8126c9000 	/System/Library/PrivateFrameworks/SkyLight.framework/Versions/A/SkyLight
0x00007ff812a5f000 	/System/Library/Frameworks/CoreGraphics.framework/Versions/A/CoreGraphics
0x00007ff81e98c000 	/System/Library/Frameworks/Accelerate.framework/Versions/A/Accelerate
0x00007ff819111000 	/System/Library/PrivateFrameworks/IconServices.framework/Versions/A/IconServices
0x00007ff816049000 	/System/Library/Frameworks/IOSurface.framework/Versions/A/IOSurface
0x00007ff8140d8000 	/usr/lib/libDiagnosticMessagesClient.dylib
0x00007ff821ffd000 	/System/Library/Frameworks/ApplicationServices.framework/Versions/A/ApplicationServices
0x00007ff8166f4000 	/System/Library/PrivateFrameworks/DFRFoundation.framework/Versions/A/DFRFoundation
0x00007ff80fad3000 	/usr/lib/libicucore.A.dylib
0x00007ff81afdb000 	/System/Library/Frameworks/AudioToolbox.framework/Versions/A/AudioToolbox
0x00007ff81a2c2000 	/System/Library/PrivateFrameworks/DataDetectorsCore.framework/Versions/A/DataDetectorsCore
0x00007ff915c1a000 	/System/Library/PrivateFrameworks/TextInput.framework/Versions/A/TextInput
0x00007ff81264d000 	/usr/lib/libMobileGestalt.dylib
0x00007ff8163fc000 	/System/Library/Frameworks/Carbon.framework/Versions/A/Frameworks/HIToolbox.framework/Versions/A/HIToolbox
0x00007ff81486e000 	/System/Library/Frameworks/QuartzCore.framework/Versions/A/QuartzCore
0x00007ff80f773000 	/System/Library/Frameworks/Security.framework/Versions/A/Security
0x00007ff81e355000 	/System/Library/Frameworks/Carbon.framework/Versions/A/Frameworks/SpeechRecognition.framework/Versions/A/SpeechRecognition
0x00007ff814ba1000 	/System/Library/PrivateFrameworks/CoreUI.framework/Versions/A/CoreUI
0x00007ff80f04b000 	/System/Library/Frameworks/CoreAudio.framework/Versions/A/CoreAudio
0x00007ff8141c6000 	/System/Library/Frameworks/DiskArbitration.framework/Versions/A/DiskArbitration
0x00007ff819a7d000 	/System/Library/PrivateFrameworks/MultitouchSupport.framework/Versions/A/MultitouchSupport
0x00007ff81264c000 	/usr/lib/libenergytrace.dylib
0x00007ff8100ce000 	/System/Library/Frameworks/IOKit.framework/Versions/A/IOKit
0x00007ff81e741000 	/System/Library/Frameworks/CoreServices.framework/Versions/A/CoreServices
0x00007ff814ddb000 	/System/Library/PrivateFrameworks/PerformanceAnalysis.framework/Versions/A/PerformanceAnalysis
0x00007ffa253ea000 	/System/Library/Frameworks/OpenGL.framework/Versions/A/OpenGL
0x00007ff8179f3000 	/System/Library/PrivateFrameworks/MobileKeyBag.framework/Versions/A/MobileKeyBag
0x00007ff81312b000 	/System/Library/Frameworks/ColorSync.framework/Versions/A/ColorSync
0x00007ff80d773000 	/System/Library/Frameworks/CoreFoundation.framework/Versions/A/CoreFoundation
0x00007ff816985000 	/System/Library/Frameworks/CoreImage.framework/Versions/A/CoreImage
0x00007ff80ee61000 	/System/Library/Frameworks/CoreText.framework/Versions/A/CoreText
0x00007ff81673b000 	/System/Library/Frameworks/ImageIO.framework/Versions/A/ImageIO
0x00007ff8184ac000 	/System/Library/PrivateFrameworks/SoftLinking.framework/Versions/A/SoftLinking
0x00007ff814e8c000 	/usr/lib/libxml2.2.dylib
0x00007ff818730000 	/usr/lib/libcompression.dylib
0x00007ff81a1ec000 	/System/Library/PrivateFrameworks/TextureIO.framework/Versions/A/TextureIO
0x00007ff818e23000 	/usr/lib/libate.dylib
0x00007ff818c01000 	/usr/lib/liblzma.5.dylib
0x00007ff80e30a000 	/System/Library/Frameworks/SystemConfiguration.framework/Versions/A/SystemConfiguration
0x00007ff8184a8000 	/usr/lib/libfakelink.dylib
0x00007ff81219f000 	/System/Library/Frameworks/CFNetwork.framework/Versions/A/CFNetwork
0x00007ff8185e7000 	/usr/lib/libarchive.2.dylib
0x00007ff816d7a000 	/System/Library/PrivateFrameworks/AppleSystemInfo.framework/Versions/A/AppleSystemInfo
0x00007ff817aee000 	/usr/lib/libbsm.0.dylib
0x00007ff8117d5000 	/usr/lib/libnetwork.dylib
0x00007ff818441000 	/usr/lib/system/libkxld.dylib
0x00007ff81771c000 	/System/Library/PrivateFrameworks/IOMobileFramebuffer.framework/Versions/A/IOMobileFramebuffer
0x00007ffb2320f000 	/usr/lib/libCoreEntitlements.dylib
0x00007ff81815a000 	/System/Library/PrivateFrameworks/AppleFSCompression.framework/Versions/A/AppleFSCompression
0x00007ff817ad6000 	/usr/lib/libcoretls.dylib
0x00007ff818c1b000 	/usr/lib/libcoretls_cfhelpers.dylib
0x00007ff81872b000 	/usr/lib/libpam.2.dylib
0x00007ff813b13000 	/usr/lib/libsqlite3.dylib
0x00007ff818c8a000 	/usr/lib/libxar.1.dylib
0x00007ff81816a000 	/usr/lib/libbz2.1.0.dylib
0x00007ff8184ad000 	/usr/lib/libpcap.A.dylib
0x00007ff813ee8000 	/usr/lib/libdns_services.dylib
0x00007ff8186fa000 	/usr/lib/libapple_nghttp2.dylib
0x00007ff8184e4000 	/usr/lib/libiconv.2.dylib
0x00007ff81843a000 	/usr/lib/libcharset.1.dylib
0x00007ff814e0f000 	/System/Library/Frameworks/CoreServices.framework/Versions/A/Frameworks/FSEvents.framework/Versions/A/FSEvents
0x00007ff80fd66000 	/System/Library/Frameworks/CoreServices.framework/Versions/A/Frameworks/CarbonCore.framework/Versions/A/CarbonCore
0x00007ff81412b000 	/System/Library/Frameworks/CoreServices.framework/Versions/A/Frameworks/Metadata.framework/Versions/A/Metadata
0x00007ff81817d000 	/System/Library/Frameworks/CoreServices.framework/Versions/A/Frameworks/OSServices.framework/Versions/A/OSServices
0x00007ff81866e000 	/System/Library/Frameworks/CoreServices.framework/Versions/A/Frameworks/SearchKit.framework/Versions/A/SearchKit
0x00007ff813e7a000 	/System/Library/Frameworks/CoreServices.framework/Versions/A/Frameworks/AE.framework/Versions/A/AE
0x00007ff80dc76000 	/System/Library/Frameworks/CoreServices.framework/Versions/A/Frameworks/LaunchServices.framework/Versions/A/LaunchServices
0x00007ff818bb2000 	/System/Library/Frameworks/CoreServices.framework/Versions/A/Frameworks/DictionaryServices.framework/Versions/A/DictionaryServices
0x00007ff814e1c000 	/System/Library/Frameworks/CoreServices.framework/Versions/A/Frameworks/SharedFileList.framework/Versions/A/SharedFileList
0x00007ff817aca000 	/usr/lib/libCheckFix.dylib
0x00007ff8126b0000 	/System/Library/PrivateFrameworks/TCC.framework/Versions/A/TCC
0x00007ff816d80000 	/System/Library/PrivateFrameworks/CoreNLP.framework/Versions/A/CoreNLP
0x00007ff8140db000 	/System/Library/PrivateFrameworks/MetadataUtilities.framework/Versions/A/MetadataUtilities
0x00007ff80e3ba000 	/usr/lib/libmecabra.dylib
0x00007ff817afe000 	/usr/lib/libmecab.dylib
0x00007ff80e385000 	/usr/lib/libCRFSuite.dylib
0x00007ff817b5b000 	/usr/lib/libgermantok.dylib
0x00007ff8186d5000 	/usr/lib/libThaiTokenizer.dylib
0x00007ff8141cd000 	/System/Library/Frameworks/Accelerate.framework/Versions/A/Frameworks/vImage.framework/Versions/A/vImage
0x00007ff81e718000 	/System/Library/Frameworks/Accelerate.framework/Versions/A/Frameworks/vecLib.framework/Versions/A/vecLib
0x00007ff818ccb000 	/System/Library/Frameworks/Accelerate.framework/Versions/A/Frameworks/vecLib.framework/Versions/A/libvMisc.dylib
0x00007ff81753a000 	/System/Library/Frameworks/Accelerate.framework/Versions/A/Frameworks/vecLib.framework/Versions/A/libvDSP.dylib
0x00007ff80dfee000 	/System/Library/Frameworks/Accelerate.framework/Versions/A/Frameworks/vecLib.framework/Versions/A/libBLAS.dylib
0x00007ff81880c000 	/System/Library/Frameworks/Accelerate.framework/Versions/A/Frameworks/vecLib.framework/Versions/A/libLAPACK.dylib
0x00007ff817b5e000 	/System/Library/Frameworks/Accelerate.framework/Versions/A/Frameworks/vecLib.framework/Versions/A/libLinearAlgebra.dylib
0x00007ff818713000 	/System/Library/Frameworks/Accelerate.framework/Versions/A/Frameworks/vecLib.framework/Versions/A/libSparseBLAS.dylib
0x00007ff818806000 	/System/Library/Frameworks/Accelerate.framework/Versions/A/Frameworks/vecLib.framework/Versions/A/libQuadrature.dylib
0x00007ff816e6a000 	/System/Library/Frameworks/Accelerate.framework/Versions/A/Frameworks/vecLib.framework/Versions/A/libBNNS.dylib
0x00007ff80e29b000 	/System/Library/Frameworks/Accelerate.framework/Versions/A/Frameworks/vecLib.framework/Versions/A/libSparse.dylib
0x00007ff816e63000 	/System/Library/PrivateFrameworks/LinguisticData.framework/Versions/A/LinguisticData
0x00007ff80e250000 	/System/Library/PrivateFrameworks/Lexicon.framework/Versions/A/Lexicon
0x00007ff818cc4000 	/usr/lib/libChineseTokenizer.dylib
0x00007ff80e9b4000 	/System/Library/PrivateFrameworks/LanguageModeling.framework/Versions/A/LanguageModeling
0x00007ff8186d7000 	/System/Library/PrivateFrameworks/AppleSauce.framework/Versions/A/AppleSauce
0x00007ff81770a000 	/System/Library/PrivateFrameworks/CoreEmoji.framework/Versions/A/CoreEmoji
0x00007ff8185d6000 	/usr/lib/libcmph.dylib
0x00007ff814df3000 	/System/Library/Frameworks/OpenDirectory.framework/Versions/A/Frameworks/CFOpenDirectory.framework/Versions/A/CFOpenDirectory
0x00007ff814de7000 	/System/Library/Frameworks/OpenDirectory.framework/Versions/A/OpenDirectory
0x00007ff818c1d000 	/System/Library/PrivateFrameworks/APFS.framework/Versions/A/APFS
0x00007ff817a2b000 	/System/Library/Frameworks/SecurityFoundation.framework/Versions/A/SecurityFoundation
0x00007ff818c98000 	/usr/lib/libutil.dylib
0x00007ff810091000 	/System/Library/PrivateFrameworks/CoreServicesStore.framework/Versions/A/CoreServicesStore
0x00007ff818c9c000 	/usr/lib/libxslt.1.dylib
0x00007ff817ab8000 	/System/Library/PrivateFrameworks/BackgroundTaskManagement.framework/Versions/A/BackgroundTaskManagement
0x00007ff81a10c000 	/System/Library/Frameworks/ImageIO.framework/Versions/A/Resources/libRadiance.dylib
0x00007ff81a115000 	/System/Library/Frameworks/ImageIO.framework/Versions/A/Resources/libJPEG.dylib
0x00007ff81a065000 	/System/Library/Frameworks/ImageIO.framework/Versions/A/Resources/libPng.dylib
0x00007ff81a086000 	/System/Library/Frameworks/ImageIO.framework/Versions/A/Resources/libTIFF.dylib
0x00007ff81a175000 	/System/Library/Frameworks/ImageIO.framework/Versions/A/Resources/libGIF.dylib
0x00007ff819996000 	/System/Library/Frameworks/ImageIO.framework/Versions/A/Resources/libJP2.dylib
0x00007ff8190d8000 	/usr/lib/libexpat.1.dylib
0x00007ff81994b000 	/System/Library/PrivateFrameworks/AppleJPEG.framework/Versions/A/AppleJPEG
0x00007ff8162bf000 	/System/Library/PrivateFrameworks/FontServices.framework/libFontParser.dylib
0x00007ff813e24000 	/System/Library/PrivateFrameworks/RunningBoardServices.framework/Versions/A/RunningBoardServices
0x00007ff8248ed000 	/System/Library/PrivateFrameworks/IOSurfaceAccelerator.framework/Versions/A/IOSurfaceAccelerator
0x00007ff819a79000 	/System/Library/PrivateFrameworks/WatchdogClient.framework/Versions/A/WatchdogClient
0x00007ff80eaa3000 	/System/Library/Frameworks/CoreDisplay.framework/Versions/A/CoreDisplay
0x00007ff8161be000 	/System/Library/Frameworks/CoreMedia.framework/Versions/A/CoreMedia
0x00007ff81605b000 	/System/Library/PrivateFrameworks/IOAccelerator.framework/Versions/A/IOAccelerator
0x00007ff814f6f000 	/System/Library/Frameworks/CoreVideo.framework/Versions/A/CoreVideo
0x00007ff818729000 	/System/Library/Frameworks/MetalPerformanceShaders.framework/Versions/A/MetalPerformanceShaders
0x00007ff819ab4000 	/System/Library/Frameworks/VideoToolbox.framework/Versions/A/VideoToolbox
0x00007ff813d6c000 	/System/Library/PrivateFrameworks/BaseBoard.framework/Versions/A/BaseBoard
0x00007ff813af9000 	/System/Library/PrivateFrameworks/ProtocolBuffer.framework/Versions/A/ProtocolBuffer
0x00007ff81a105000 	/System/Library/PrivateFrameworks/GPUWrangler.framework/Versions/A/GPUWrangler
0x00007ff81a0e8000 	/System/Library/PrivateFrameworks/IOPresentment.framework/Versions/A/IOPresentment
0x00007ff81a10f000 	/System/Library/PrivateFrameworks/DSExternalDisplay.framework/Versions/A/DSExternalDisplay
0x00007ffa253de000 	/System/Library/Frameworks/OpenGL.framework/Versions/A/Libraries/libCoreFSCache.dylib
0x00007ffb1147f000 	/System/Library/PrivateFrameworks/GPUCompiler.framework/Versions/31001/Libraries/libGPUCompilerUtils.dylib
0x00007ff81a17a000 	/System/Library/PrivateFrameworks/CMCaptureCore.framework/Versions/A/CMCaptureCore
0x00007ff819684000 	/System/Library/PrivateFrameworks/AppServerSupport.framework/Versions/A/AppServerSupport
0x00007ff81b861000 	/System/Library/PrivateFrameworks/perfdata.framework/Versions/A/perfdata
0x00007ff80ebcf000 	/System/Library/PrivateFrameworks/AudioToolboxCore.framework/Versions/A/AudioToolboxCore
0x00007ff81619b000 	/System/Library/PrivateFrameworks/caulk.framework/Versions/A/caulk
0x00007ff81b185000 	/usr/lib/libAudioStatistics.dylib
0x00007ff9124a8000 	/System/Library/PrivateFrameworks/SystemPolicy.framework/Versions/A/SystemPolicy
0x00007ff81b3da000 	/usr/lib/libSMC.dylib
0x00007ff824224000 	/System/Library/Frameworks/CoreMIDI.framework/Versions/A/CoreMIDI
0x00007ff81a035000 	/usr/lib/libAudioToolboxUtility.dylib
0x00007ff90e8ba000 	/System/Library/PrivateFrameworks/OSAServicesClient.framework/Versions/A/OSAServicesClient
0x00007ff81b86e000 	/usr/lib/libperfcheck.dylib
0x00007ff912f3a000 	/usr/lib/libmis.dylib
0x00007ffa2543a000 	/System/Library/Frameworks/OpenGL.framework/Versions/A/Libraries/libGLU.dylib
0x00007ffa253fd000 	/System/Library/Frameworks/OpenGL.framework/Versions/A/Libraries/libGFXShared.dylib
0x00007ffa2560b000 	/System/Library/Frameworks/OpenGL.framework/Versions/A/Libraries/libGL.dylib
0x00007ffa25406000 	/System/Library/Frameworks/OpenGL.framework/Versions/A/Libraries/libGLImage.dylib
0x00007ffa253fa000 	/System/Library/Frameworks/OpenGL.framework/Versions/A/Libraries/libCVMSPluginSupport.dylib
0x00007ffa253e5000 	/System/Library/Frameworks/OpenGL.framework/Versions/A/Libraries/libCoreVMClient.dylib
0x00007ff816cfe000 	/System/Library/Frameworks/MetalPerformanceShaders.framework/Versions/A/Frameworks/MPSCore.framework/Versions/A/MPSCore
0x00007ff8180c5000 	/System/Library/Frameworks/MetalPerformanceShaders.framework/Versions/A/Frameworks/MPSImage.framework/Versions/A/MPSImage
0x00007ff817b74000 	/System/Library/Frameworks/MetalPerformanceShaders.framework/Versions/A/Frameworks/MPSNeuralNetwork.framework/Versions/A/MPSNeuralNetwork
0x00007ff817fe9000 	/System/Library/Frameworks/MetalPerformanceShaders.framework/Versions/A/Frameworks/MPSMatrix.framework/Versions/A/MPSMatrix
0x00007ff817da5000 	/System/Library/Frameworks/MetalPerformanceShaders.framework/Versions/A/Frameworks/MPSRayIntersector.framework/Versions/A/MPSRayIntersector
0x00007ff818022000 	/System/Library/Frameworks/MetalPerformanceShaders.framework/Versions/A/Frameworks/MPSNDArray.framework/Versions/A/MPSNDArray
0x00007ffa29fff000 	/System/Library/Frameworks/MetalPerformanceShaders.framework/Versions/A/Frameworks/MPSFunctions.framework/Versions/A/MPSFunctions
0x00007ff80ded1000 	/System/Library/PrivateFrameworks/MetalTools.framework/Versions/A/MetalTools
0x00007ff816d78000 	/System/Library/PrivateFrameworks/AggregateDictionary.framework/Versions/A/AggregateDictionary
0x00007ff818eba000 	/usr/lib/libIOReport.dylib
0x00007ffa26a1a000 	/System/Library/Frameworks/OpenCL.framework/Versions/A/OpenCL
0x00007ff81921e000 	/System/Library/PrivateFrameworks/FaceCore.framework/Versions/A/FaceCore
0x00007ff81920f000 	/System/Library/PrivateFrameworks/GraphVisualizer.framework/Versions/A/GraphVisualizer
0x00007ffb1138a000 	/System/Library/PrivateFrameworks/FontServices.framework/Versions/A/FontServices
0x00007ff81963b000 	/System/Library/PrivateFrameworks/OTSVG.framework/Versions/A/OTSVG
0x00007ff814b57000 	/System/Library/Frameworks/ApplicationServices.framework/Versions/A/Frameworks/ATS.framework/Versions/A/Resources/libFontRegistry.dylib
0x00007ff81968c000 	/System/Library/PrivateFrameworks/FontServices.framework/libhvf.dylib
0x00007ffb1138b000 	/System/Library/PrivateFrameworks/FontServices.framework/libXTFontStaticRegistryData.dylib
0x00007ff819088000 	/System/Library/PrivateFrameworks/AppleVA.framework/Versions/A/AppleVA
0x00007ff81b1a9000 	/System/Library/Frameworks/ApplicationServices.framework/Versions/A/Frameworks/ATS.framework/Versions/A/ATS
0x00007ff813227000 	/System/Library/Frameworks/ApplicationServices.framework/Versions/A/Frameworks/HIServices.framework/Versions/A/HIServices
0x00007ff81a184000 	/System/Library/Frameworks/ApplicationServices.framework/Versions/A/Frameworks/PrintCore.framework/Versions/A/PrintCore
0x00007ff81b52d000 	/System/Library/Frameworks/ApplicationServices.framework/Versions/A/Frameworks/QD.framework/Versions/A/QD
0x00007ff81b525000 	/System/Library/Frameworks/ApplicationServices.framework/Versions/A/Frameworks/ColorSyncLegacy.framework/Versions/A/ColorSyncLegacy
0x00007ff81b199000 	/System/Library/Frameworks/ApplicationServices.framework/Versions/A/Frameworks/SpeechSynthesis.framework/Versions/A/SpeechSynthesis
0x00007ff81a145000 	/System/Library/Frameworks/ApplicationServices.framework/Versions/A/Frameworks/ATSUI.framework/Versions/A/ATSUI
0x00007ff81b4ba000 	/usr/lib/libcups.2.dylib
0x00007ff81b87d000 	/System/Library/Frameworks/Kerberos.framework/Versions/A/Kerberos
0x00007ff81b88c000 	/System/Library/Frameworks/GSS.framework/Versions/A/GSS
0x00007ff81b215000 	/usr/lib/libresolv.9.dylib
0x00007ff81969b000 	/System/Library/PrivateFrameworks/Heimdal.framework/Versions/A/Heimdal
0x00007ff82237a000 	/System/Library/Frameworks/Kerberos.framework/Versions/A/Libraries/libHeimdalProxy.dylib
0x00007ff813ef9000 	/System/Library/Frameworks/Network.framework/Versions/A/Network
0x00007ff8190f2000 	/usr/lib/libheimdal-asn1.dylib
0x00007ff81b8d8000 	/System/Library/PrivateFrameworks/CommonAuth.framework/Versions/A/CommonAuth
0x00007ff81b116000 	/System/Library/PrivateFrameworks/AudioSession.framework/Versions/A/AudioSession
0x00007ff819182000 	/System/Library/PrivateFrameworks/MediaExperience.framework/Versions/A/MediaExperience
0x00007ff81afaa000 	/System/Library/PrivateFrameworks/AudioSession.framework/libSessionUtility.dylib
0x00007ff81b539000 	/System/Library/PrivateFrameworks/AudioResourceArbitration.framework/Versions/A/AudioResourceArbitration
0x00007ff81f52b000 	/System/Library/PrivateFrameworks/PowerLog.framework/Versions/A/PowerLog
0x00007ff8190fb000 	/System/Library/PrivateFrameworks/IconFoundation.framework/Versions/A/IconFoundation
0x00007ff81e345000 	/System/Library/PrivateFrameworks/SpeechRecognitionCore.framework/Versions/A/SpeechRecognitionCore
0x0000000101856000 	/Library/Java/JavaVirtualMachines/jdk-12.0.2.jdk/Contents/Home/lib/server/libjvm.dylib
0x0000000100b7a000 	/Library/Java/JavaVirtualMachines/jdk-12.0.2.jdk/Contents/Home/lib/libverify.dylib
0x0000000100baa000 	/Library/Java/JavaVirtualMachines/jdk-12.0.2.jdk/Contents/Home/lib/libjava.dylib
0x0000000100b86000 	/Library/Java/JavaVirtualMachines/jdk-12.0.2.jdk/Contents/Home/lib/libinstrument.dylib
0x0000000100b98000 	/Library/Java/JavaVirtualMachines/jdk-12.0.2.jdk/Contents/Home/lib/libzip.dylib
0x0000000100ba0000 	/Library/Java/JavaVirtualMachines/jdk-12.0.2.jdk/Contents/Home/lib/libjimage.dylib
0x0000000101713000 	/Library/Java/JavaVirtualMachines/jdk-12.0.2.jdk/Contents/Home/lib/libnio.dylib
0x0000000101734000 	/Library/Java/JavaVirtualMachines/jdk-12.0.2.jdk/Contents/Home/lib/libnet.dylib
0x0000000100b77000 	/Library/Java/JavaVirtualMachines/jdk-12.0.2.jdk/Contents/Home/lib/libextnet.dylib
0x0000000101721000 	/private/var/folders/wv/k79gjwy92tx8q68cd8zg2sz40000gn/T/libjansi-1.17.1-7996302700098861575.jnilib
0x0000000101747000 	/Users/tylesudo/.openjfx/cache/12.0.1/libprism_es2.dylib
0x00007ff810052000 	/System/Library/PrivateFrameworks/CoreServicesInternal.framework/Versions/A/CoreServicesInternal
0x00007ffa25616000 	/System/Library/Frameworks/OpenGL.framework/Versions/A/Resources/GLEngine.bundle/GLEngine
0x00007ffa25478000 	/System/Library/Frameworks/OpenGL.framework/Versions/A/Libraries/libGLProgrammability.dylib
0x00007ffa1983e000 	/System/Library/Extensions/AppleIntelKBLGraphicsGLDriver.bundle/Contents/MacOS/AppleIntelKBLGraphicsGLDriver
0x00007ff91ce1e000 	/System/Library/PrivateFrameworks/GPUSupport.framework/Versions/A/Libraries/libGPUSupportMercury.dylib
0x00007ffa257a5000 	/System/Library/Frameworks/OpenGL.framework/Versions/A/Resources/GLRendererFloat.bundle/GLRendererFloat
0x0000000128c6d000 	/Users/tylesudo/.openjfx/cache/12.0.1/libglass.dylib
0x00007ff81fb1c000 	/System/Library/Frameworks/FileProvider.framework/Versions/A/FileProvider
0x00007ff813cd8000 	/System/Library/Frameworks/Accounts.framework/Versions/A/Accounts
0x00007ff81fc94000 	/System/Library/PrivateFrameworks/GenerationalStorage.framework/Versions/A/GenerationalStorage
0x00007ff8207a6000 	/System/Library/PrivateFrameworks/CoreSymbolication.framework/Versions/A/CoreSymbolication
0x00007ff81f520000 	/System/Library/PrivateFrameworks/SymptomDiagnosticReporter.framework/Versions/A/SymptomDiagnosticReporter
0x00007ff811316000 	/System/Library/PrivateFrameworks/DesktopServicesPriv.framework/Versions/A/DesktopServicesPriv
0x00007ff810193000 	/usr/lib/libsandbox.1.dylib
0x00007ff814fee000 	/System/Library/PrivateFrameworks/UserManagement.framework/Versions/A/UserManagement
0x00007ff82076b000 	/System/Library/PrivateFrameworks/DebugSymbols.framework/Versions/A/DebugSymbols
0x00007ff81b51a000 	/System/Library/PrivateFrameworks/NetAuth.framework/Versions/A/NetAuth
0x00007ff81c409000 	/System/Library/PrivateFrameworks/Sharing.framework/Versions/A/Sharing
0x00007ff814fc1000 	/System/Library/PrivateFrameworks/login.framework/Versions/A/Frameworks/loginsupport.framework/Versions/A/loginsupport
0x00007ff8218ac000 	/System/Library/PrivateFrameworks/Apple80211.framework/Versions/A/Apple80211
0x00007ff8181aa000 	/System/Library/PrivateFrameworks/AuthKit.framework/Versions/A/AuthKit
0x00007ff817800000 	/System/Library/PrivateFrameworks/CoreUtils.framework/Versions/A/CoreUtils
0x00007ff817727000 	/System/Library/Frameworks/CoreWLAN.framework/Versions/A/CoreWLAN
0x00007ff81c564000 	/System/Library/Frameworks/IOBluetooth.framework/Versions/A/IOBluetooth
0x00007ff821914000 	/System/Library/PrivateFrameworks/CoreWiFi.framework/Versions/A/CoreWiFi
0x00007ff820340000 	/System/Library/PrivateFrameworks/FrontBoardServices.framework/Versions/A/FrontBoardServices
0x00007ff8203d2000 	/System/Library/PrivateFrameworks/BoardServices.framework/Versions/A/BoardServices
0x00007ff817a1a000 	/System/Library/PrivateFrameworks/AssertionServices.framework/Versions/A/AssertionServices
0x00007ff821a98000 	/System/Library/PrivateFrameworks/BackBoardServices.framework/Versions/A/BackBoardServices
0x00007ff81b967000 	/System/Library/PrivateFrameworks/CorePhoneNumbers.framework/Versions/A/CorePhoneNumbers
0x00007ff81f63d000 	/System/Library/PrivateFrameworks/DiskManagement.framework/Versions/A/DiskManagement
0x00007ff81f551000 	/System/Library/PrivateFrameworks/AppleIDAuthSupport.framework/Versions/A/AppleIDAuthSupport
0x00007ffa2bfb8000 	/System/Library/PrivateFrameworks/AAAFoundation.framework/Versions/A/AAAFoundation
0x00007ff81b948000 	/System/Library/PrivateFrameworks/KeychainCircle.framework/Versions/A/KeychainCircle
0x00007ff81f609000 	/System/Library/PrivateFrameworks/MediaKit.framework/Versions/A/MediaKit
0x00007ff81f55d000 	/System/Library/Frameworks/DiscRecording.framework/Versions/A/DiscRecording
0x00007ff819000000 	/usr/lib/libCoreStorage.dylib
0x00007ff821d87000 	/usr/lib/libcsfde.dylib
0x00007ff81c631000 	/System/Library/PrivateFrameworks/ProtectedCloudStorage.framework/Versions/A/ProtectedCloudStorage
0x00007ff821d83000 	/System/Library/PrivateFrameworks/EFILogin.framework/Versions/A/EFILogin
0x00007ff81fcba000 	/System/Library/PrivateFrameworks/OctagonTrust.framework/Versions/A/OctagonTrust
0x00007ffb106ac000 	/System/Library/PrivateFrameworks/CoreUtilsExtras.framework/Versions/A/CoreUtilsExtras
0x00007ff81f493000 	/System/Library/Frameworks/CoreBluetooth.framework/Versions/A/CoreBluetooth
0x00007ff8223ff000 	/System/Library/Frameworks/AudioUnit.framework/Versions/A/AudioUnit
0x00007ff818ff8000 	/usr/lib/libMatch.1.dylib
0x00007ff91739e000 	/System/Library/Frameworks/Accelerate.framework/Versions/A/Frameworks/vImage.framework/Versions/A/Libraries/libCGInterfaces.dylib
0x000000012a563000 	/usr/lib/libobjc-trampolines.dylib
0x00007ff814ce7000 	/System/Library/PrivateFrameworks/ViewBridge.framework/Versions/A/ViewBridge
0x00007ff819755000 	/System/Library/PrivateFrameworks/login.framework/Versions/A/login
0x00007ff818ec2000 	/System/Library/PrivateFrameworks/CrashReporterSupport.framework/Versions/A/CrashReporterSupport
0x00007ff91ed11000 	/System/Library/PrivateFrameworks/OSAnalytics.framework/Versions/A/OSAnalytics
0x00007ff929cab000 	/System/Library/PrivateFrameworks/Symbolication.framework/Versions/A/Symbolication
0x00007ff912f17000 	/System/Library/PrivateFrameworks/MallocStackLogging.framework/Versions/A/MallocStackLogging
0x00007ffb23321000 	/usr/lib/libRosetta.dylib
0x000000012c6ab000 	/Users/tylesudo/.openjfx/cache/12.0.1/libjavafx_font.dylib
0x00007ffa2c672000 	/System/Library/PrivateFrameworks/AccessibilityBundles.framework/Versions/A/AccessibilityBundles


VM Arguments:
jvm_args: -Dmaven.multiModuleProjectDirectory=/Users/tylesudo/Documents/UIC/CS/CS342/projects/project3/Client Project 3 -Dmaven.home=/Applications/IntelliJ IDEA.app/Contents/plugins/maven/lib/maven3 -Dclassworlds.conf=/Applications/IntelliJ IDEA.app/Contents/plugins/maven/lib/maven3/bin/m2.conf -Dmaven.ext.class.path=/Applications/IntelliJ IDEA.app/Contents/plugins/maven/lib/maven-event-listener.jar -javaagent:/Applications/IntelliJ IDEA.app/Contents/lib/idea_rt.jar=52270:/Applications/IntelliJ IDEA.app/Contents/bin -Dfile.encoding=UTF-8 
java_command: org.codehaus.classworlds.Launcher -Didea.version=2021.3.2 compile exec:java
java_class_path (initial): /Applications/IntelliJ IDEA.app/Contents/plugins/maven/lib/maven3/boot/plexus-classworlds.license:/Applications/IntelliJ IDEA.app/Contents/plugins/maven/lib/maven3/boot/plexus-classworlds-2.6.0.jar
Launcher Type: SUN_STANDARD

[Global flags]
     intx CICompilerCount                          = 4                                         {product} {ergonomic}
     uint ConcGCThreads                            = 2                                         {product} {ergonomic}
     uint G1ConcRefinementThreads                  = 8                                         {product} {ergonomic}
   size_t G1HeapRegionSize                         = 1048576                                   {product} {ergonomic}
    uintx GCDrainStackTargetSize                   = 64                                        {product} {ergonomic}
   size_t InitialHeapSize                          = 268435456                                 {product} {ergonomic}
   size_t MarkStackSize                            = 4194304                                   {product} {ergonomic}
   size_t MaxHeapSize                              = 4294967296                                {product} {ergonomic}
   size_t MaxNewSize                               = 2576351232                                {product} {ergonomic}
   size_t MinHeapDeltaBytes                        = 1048576                                   {product} {ergonomic}
    uintx NonNMethodCodeHeapSize                   = 5836300                                {pd product} {ergonomic}
    uintx NonProfiledCodeHeapSize                  = 122910970                              {pd product} {ergonomic}
    uintx ProfiledCodeHeapSize                     = 122910970                              {pd product} {ergonomic}
    uintx ReservedCodeCacheSize                    = 251658240                              {pd product} {ergonomic}
     bool SegmentedCodeCache                       = true                                      {product} {ergonomic}
     bool UseCompressedClassPointers               = true                                 {lp64_product} {ergonomic}
     bool UseCompressedOops                        = true                                 {lp64_product} {ergonomic}
     bool UseG1GC                                  = true                                      {product} {ergonomic}

Logging:
Log output configuration:
 #0: stdout all=warning uptime,level,tags
 #1: stderr all=off uptime,level,tags

Environment Variables:
PATH=/Users/tylesudo/.cargo/bin:/usr/local/bin:/usr/bin:/bin:/usr/sbin:/sbin:/Applications/VMware Fusion.app/Contents/Public:/Library/Apple/usr/bin
SHELL=/bin/bash

Signal Handlers:
SIGSEGV: [libjvm.dylib+0x735418], sa_mask[0]=11111111011111110111111111111111, sa_flags=SA_ONSTACK|SA_RESTART|SA_SIGINFO
SIGBUS: [libjvm.dylib+0x735418], sa_mask[0]=11111111011111110111111111111111, sa_flags=SA_RESTART|SA_SIGINFO
SIGFPE: [libjvm.dylib+0x735418], sa_mask[0]=11111111011111110111111111111111, sa_flags=SA_RESTART|SA_SIGINFO
SIGPIPE: [libjvm.dylib+0x5dce9e], sa_mask[0]=11111111011111110111111111111111, sa_flags=SA_RESTART|SA_SIGINFO
SIGXFSZ: [libjvm.dylib+0x5dce9e], sa_mask[0]=11111111011111110111111111111111, sa_flags=SA_RESTART|SA_SIGINFO
SIGILL: [libjvm.dylib+0x735418], sa_mask[0]=11111111011111110111111111111111, sa_flags=SA_RESTART|SA_SIGINFO
SIGUSR2: [libjvm.dylib+0x5dd483], sa_mask[0]=00100000000000000000000000000000, sa_flags=SA_RESTART|SA_SIGINFO
SIGHUP: [libjvm.dylib+0x5dc143], sa_mask[0]=11111111011111110111111111111111, sa_flags=SA_RESTART|SA_SIGINFO
SIGINT: [libjvm.dylib+0x5dc143], sa_mask[0]=11111111011111110111111111111111, sa_flags=SA_RESTART|SA_SIGINFO
SIGTERM: [libjvm.dylib+0x5dc143], sa_mask[0]=11111111011111110111111111111111, sa_flags=SA_RESTART|SA_SIGINFO
SIGQUIT: [libjvm.dylib+0x5dc143], sa_mask[0]=11111111011111110111111111111111, sa_flags=SA_RESTART|SA_SIGINFO


---------------  S Y S T E M  ---------------

OS:uname:Darwin 21.3.0 Darwin Kernel Version 21.3.0: Wed Jan  5 21:37:58 PST 2022; root:xnu-8019.80.24~20/RELEASE_X86_64 x86_64
rlimit: STACK 8192k, CORE 0k, NPROC 2784, NOFILE 10240, AS infinity, DATA infinity, FSIZE infinity
load average:3.68 3.55 3.49

CPU:total 8 (initial active 8) (4 cores per cpu, 2 threads per core) family 6 model 142 stepping 10, cmov, cx8, fxsr, mmx, sse, sse2, sse3, ssse3, sse4.1, sse4.2, popcnt, avx, avx2, aes, clmul, erms, 3dnowpref, lzcnt, ht, tsc, tscinvbit, bmi1, bmi2, adx, fma

Memory: 4k page, physical 16777216k(346328k free)

vm_info: Java HotSpot(TM) 64-Bit Server VM (12.0.2+10) for bsd-amd64 JRE (12.0.2+10), built on Jul 16 2019 00:56:38 by "mach5one" with gcc 4.2.1 Compatible Apple LLVM 9.1.0 (clang-902.0.39.2)

END.
